Mock Version: 2.17
ENTER ['do_with_status'](['bash', '--login', '-c', '/usr/bin/rpmbuild -bs --target x86_64 --nodeps /builddir/build/SPECS/cookbook-rb-logstatter.spec'], chrootPath='/var/lib/mock/sdk9/root'env={'TERM': 'vt100', 'SHELL': '/bin/bash', 'HOME': '/builddir', 'HOSTNAME': 'mock', 'PATH': '/usr/bin:/bin:/usr/sbin:/sbin', 'PROMPT_COMMAND': 'printf "\\033]0;<mock-chroot>\\007"', 'PS1': '<mock-chroot> \\s-\\v\\$ ', 'LANG': 'C.UTF-8'}shell=Falselogger=<mockbuild.trace_decorator.getLog object at 0x7f8f26a77b00>timeout=0uid=0gid=135user='mockbuild'nspawn_args=['--capability=cap_ipc_lock', '--bind=/dev/btrfs-control', '--bind=/dev/loop-control', '--bind=/dev/loop0', '--bind=/dev/loop1', '--bind=/dev/loop2', '--bind=/dev/loop3', '--bind=/dev/loop4', '--bind=/dev/loop5', '--bind=/dev/loop6', '--bind=/dev/loop7', '--bind=/dev/loop8', '--bind=/dev/loop9', '--bind=/dev/loop10', '--bind=/dev/loop11']unshare_net=FalseprintOutput=True)
Using nspawn with args ['--capability=cap_ipc_lock', '--bind=/dev/btrfs-control', '--bind=/dev/loop-control', '--bind=/dev/loop0', '--bind=/dev/loop1', '--bind=/dev/loop2', '--bind=/dev/loop3', '--bind=/dev/loop4', '--bind=/dev/loop5', '--bind=/dev/loop6', '--bind=/dev/loop7', '--bind=/dev/loop8', '--bind=/dev/loop9', '--bind=/dev/loop10', '--bind=/dev/loop11']
Executing command: ['/usr/bin/systemd-nspawn', '-q', '-M', 'e45475c2efaa4c238a0054be54938cfb', '-D', '/var/lib/mock/sdk9/root', '-u', 'mockbuild', '--capability=cap_ipc_lock', '--bind=/dev/btrfs-control', '--bind=/dev/loop-control', '--bind=/dev/loop0', '--bind=/dev/loop1', '--bind=/dev/loop2', '--bind=/dev/loop3', '--bind=/dev/loop4', '--bind=/dev/loop5', '--bind=/dev/loop6', '--bind=/dev/loop7', '--bind=/dev/loop8', '--bind=/dev/loop9', '--bind=/dev/loop10', '--bind=/dev/loop11', '--setenv=TERM=vt100', '--setenv=SHELL=/bin/bash', '--setenv=HOME=/builddir', '--setenv=HOSTNAME=mock', '--setenv=PATH=/usr/bin:/bin:/usr/sbin:/sbin', '--setenv=PROMPT_COMMAND=printf "\\033]0;<mock-chroot>\\007"', '--setenv=PS1=<mock-chroot> \\s-\\v\\$ ', '--setenv=LANG=C.UTF-8', 'bash', '--login', '-c', '/usr/bin/rpmbuild -bs --target x86_64 --nodeps /builddir/build/SPECS/cookbook-rb-logstatter.spec'] with env {'TERM': 'vt100', 'SHELL': '/bin/bash', 'HOME': '/builddir', 'HOSTNAME': 'mock', 'PATH': '/usr/bin:/bin:/usr/sbin:/sbin', 'PROMPT_COMMAND': 'printf "\\033]0;<mock-chroot>\\007"', 'PS1': '<mock-chroot> \\s-\\v\\$ ', 'LANG': 'C.UTF-8', 'SYSTEMD_NSPAWN_TMPFS_TMP': '0', 'SYSTEMD_SECCOMP': '0'} and shell False
Building target platforms: x86_64
Building for target x86_64
setting SOURCE_DATE_EPOCH=1695600000
Wrote: /builddir/build/SRPMS/cookbook-rb-logstatter-0.0.1-1.el9.rb.src.rpm
Child return code was: 0
Mock Version: 2.17
ENTER ['do_with_status'](['bash', '--login', '-c', '/usr/bin/rpmbuild -bs --target x86_64 --nodeps /builddir/build/SPECS/cookbook-rb-logstatter.spec'], chrootPath='/var/lib/mock/sdk9/root'env={'TERM': 'vt100', 'SHELL': '/bin/bash', 'HOME': '/builddir', 'HOSTNAME': 'mock', 'PATH': '/usr/bin:/bin:/usr/sbin:/sbin', 'PROMPT_COMMAND': 'printf "\\033]0;<mock-chroot>\\007"', 'PS1': '<mock-chroot> \\s-\\v\\$ ', 'LANG': 'C.UTF-8'}shell=Falselogger=<mockbuild.trace_decorator.getLog object at 0x7f6c4483dac8>timeout=0uid=0gid=135user='mockbuild'nspawn_args=['--capability=cap_ipc_lock', '--bind=/dev/btrfs-control', '--bind=/dev/loop-control', '--bind=/dev/loop0', '--bind=/dev/loop1', '--bind=/dev/loop2', '--bind=/dev/loop3', '--bind=/dev/loop4', '--bind=/dev/loop5', '--bind=/dev/loop6', '--bind=/dev/loop7', '--bind=/dev/loop8', '--bind=/dev/loop9', '--bind=/dev/loop10', '--bind=/dev/loop11']unshare_net=FalseprintOutput=True)
Using nspawn with args ['--capability=cap_ipc_lock', '--bind=/dev/btrfs-control', '--bind=/dev/loop-control', '--bind=/dev/loop0', '--bind=/dev/loop1', '--bind=/dev/loop2', '--bind=/dev/loop3', '--bind=/dev/loop4', '--bind=/dev/loop5', '--bind=/dev/loop6', '--bind=/dev/loop7', '--bind=/dev/loop8', '--bind=/dev/loop9', '--bind=/dev/loop10', '--bind=/dev/loop11']
Executing command: ['/usr/bin/systemd-nspawn', '-q', '-M', 'ea7dc59770c34903ae21a2886b712f44', '-D', '/var/lib/mock/sdk9/root', '-u', 'mockbuild', '--capability=cap_ipc_lock', '--bind=/dev/btrfs-control', '--bind=/dev/loop-control', '--bind=/dev/loop0', '--bind=/dev/loop1', '--bind=/dev/loop2', '--bind=/dev/loop3', '--bind=/dev/loop4', '--bind=/dev/loop5', '--bind=/dev/loop6', '--bind=/dev/loop7', '--bind=/dev/loop8', '--bind=/dev/loop9', '--bind=/dev/loop10', '--bind=/dev/loop11', '--setenv=TERM=vt100', '--setenv=SHELL=/bin/bash', '--setenv=HOME=/builddir', '--setenv=HOSTNAME=mock', '--setenv=PATH=/usr/bin:/bin:/usr/sbin:/sbin', '--setenv=PROMPT_COMMAND=printf "\\033]0;<mock-chroot>\\007"', '--setenv=PS1=<mock-chroot> \\s-\\v\\$ ', '--setenv=LANG=C.UTF-8', 'bash', '--login', '-c', '/usr/bin/rpmbuild -bs --target x86_64 --nodeps /builddir/build/SPECS/cookbook-rb-logstatter.spec'] with env {'TERM': 'vt100', 'SHELL': '/bin/bash', 'HOME': '/builddir', 'HOSTNAME': 'mock', 'PATH': '/usr/bin:/bin:/usr/sbin:/sbin', 'PROMPT_COMMAND': 'printf "\\033]0;<mock-chroot>\\007"', 'PS1': '<mock-chroot> \\s-\\v\\$ ', 'LANG': 'C.UTF-8', 'SYSTEMD_NSPAWN_TMPFS_TMP': '0', 'SYSTEMD_SECCOMP': '0'} and shell False
Building target platforms: x86_64
Building for target x86_64
setting SOURCE_DATE_EPOCH=1695600000
Wrote: /builddir/build/SRPMS/cookbook-rb-logstatter-0.0.1-1.el9.rb.src.rpm
Child return code was: 0
ENTER ['do_with_status'](['bash', '--login', '-c', '/usr/bin/rpmbuild -bb --target x86_64 --nodeps /builddir/build/SPECS/cookbook-rb-logstatter.spec'], chrootPath='/var/lib/mock/sdk9/root'env={'TERM': 'vt100', 'SHELL': '/bin/bash', 'HOME': '/builddir', 'HOSTNAME': 'mock', 'PATH': '/usr/bin:/bin:/usr/sbin:/sbin', 'PROMPT_COMMAND': 'printf "\\033]0;<mock-chroot>\\007"', 'PS1': '<mock-chroot> \\s-\\v\\$ ', 'LANG': 'C.UTF-8'}shell=Falselogger=<mockbuild.trace_decorator.getLog object at 0x7f6c4483dac8>timeout=0uid=0gid=135user='mockbuild'nspawn_args=['--capability=cap_ipc_lock', '--bind=/dev/btrfs-control', '--bind=/dev/loop-control', '--bind=/dev/loop0', '--bind=/dev/loop1', '--bind=/dev/loop2', '--bind=/dev/loop3', '--bind=/dev/loop4', '--bind=/dev/loop5', '--bind=/dev/loop6', '--bind=/dev/loop7', '--bind=/dev/loop8', '--bind=/dev/loop9', '--bind=/dev/loop10', '--bind=/dev/loop11']unshare_net=FalseprintOutput=True)
Using nspawn with args ['--capability=cap_ipc_lock', '--bind=/dev/btrfs-control', '--bind=/dev/loop-control', '--bind=/dev/loop0', '--bind=/dev/loop1', '--bind=/dev/loop2', '--bind=/dev/loop3', '--bind=/dev/loop4', '--bind=/dev/loop5', '--bind=/dev/loop6', '--bind=/dev/loop7', '--bind=/dev/loop8', '--bind=/dev/loop9', '--bind=/dev/loop10', '--bind=/dev/loop11']
Executing command: ['/usr/bin/systemd-nspawn', '-q', '-M', 'cea512c6ad3741b1b55f7a2f81ae0e91', '-D', '/var/lib/mock/sdk9/root', '-u', 'mockbuild', '--capability=cap_ipc_lock', '--bind=/dev/btrfs-control', '--bind=/dev/loop-control', '--bind=/dev/loop0', '--bind=/dev/loop1', '--bind=/dev/loop2', '--bind=/dev/loop3', '--bind=/dev/loop4', '--bind=/dev/loop5', '--bind=/dev/loop6', '--bind=/dev/loop7', '--bind=/dev/loop8', '--bind=/dev/loop9', '--bind=/dev/loop10', '--bind=/dev/loop11', '--setenv=TERM=vt100', '--setenv=SHELL=/bin/bash', '--setenv=HOME=/builddir', '--setenv=HOSTNAME=mock', '--setenv=PATH=/usr/bin:/bin:/usr/sbin:/sbin', '--setenv=PROMPT_COMMAND=printf "\\033]0;<mock-chroot>\\007"', '--setenv=PS1=<mock-chroot> \\s-\\v\\$ ', '--setenv=LANG=C.UTF-8', 'bash', '--login', '-c', '/usr/bin/rpmbuild -bb --target x86_64 --nodeps /builddir/build/SPECS/cookbook-rb-logstatter.spec'] with env {'TERM': 'vt100', 'SHELL': '/bin/bash', 'HOME': '/builddir', 'HOSTNAME': 'mock', 'PATH': '/usr/bin:/bin:/usr/sbin:/sbin', 'PROMPT_COMMAND': 'printf "\\033]0;<mock-chroot>\\007"', 'PS1': '<mock-chroot> \\s-\\v\\$ ', 'LANG': 'C.UTF-8', 'SYSTEMD_NSPAWN_TMPFS_TMP': '0', 'SYSTEMD_SECCOMP': '0'} and shell False
Building target platforms: x86_64
Building for target x86_64
setting SOURCE_DATE_EPOCH=1695600000
Executing(%prep): /bin/sh -e /var/tmp/rpm-tmp.8sLOdY
+ umask 022
+ cd /builddir/build/BUILD
+ cd /builddir/build/BUILD
+ rm -rf cookbook-rb-logstatter-0.0.1
+ /usr/bin/tar -xof -
+ /usr/bin/gzip -dc /builddir/build/SOURCES/cookbook-rb-logstatter-0.0.1.tar.gz
+ STATUS=0
+ '[' 0 -ne 0 ']'
+ cd cookbook-rb-logstatter-0.0.1
+ /usr/bin/chmod -Rf a+rX,u+w,g-w,o-w .
+ RPM_EC=0
++ jobs -p
+ exit 0
Executing(%build): /bin/sh -e /var/tmp/rpm-tmp.mvFWPl
+ umask 022
+ cd /builddir/build/BUILD
+ cd cookbook-rb-logstatter-0.0.1
+ RPM_EC=0
++ jobs -p
+ exit 0
Executing(%install): /bin/sh -e /var/tmp/rpm-tmp.dOXvIX
+ umask 022
+ cd /builddir/build/BUILD
+ '[' /builddir/build/BUILDROOT/cookbook-rb-logstatter-0.0.1-1.el9.rb.x86_64 '!=' / ']'
+ rm -rf /builddir/build/BUILDROOT/cookbook-rb-logstatter-0.0.1-1.el9.rb.x86_64
++ dirname /builddir/build/BUILDROOT/cookbook-rb-logstatter-0.0.1-1.el9.rb.x86_64
+ mkdir -p /builddir/build/BUILDROOT
+ mkdir /builddir/build/BUILDROOT/cookbook-rb-logstatter-0.0.1-1.el9.rb.x86_64
+ cd cookbook-rb-logstatter-0.0.1
+ mkdir -p /builddir/build/BUILDROOT/cookbook-rb-logstatter-0.0.1-1.el9.rb.x86_64/var/chef/cookbooks/rb-logstatter
+ mkdir -p /builddir/build/BUILDROOT/cookbook-rb-logstatter-0.0.1-1.el9.rb.x86_64/usr/lib64/rb-logstatter
+ cp -f -r resources/attributes resources/libraries resources/metadata.rb resources/providers resources/recipes resources/resources resources/templates /builddir/build/BUILDROOT/cookbook-rb-logstatter-0.0.1-1.el9.rb.x86_64/var/chef/cookbooks/rb-logstatter/
+ chmod -R 0755 /builddir/build/BUILDROOT/cookbook-rb-logstatter-0.0.1-1.el9.rb.x86_64/var/chef/cookbooks/rb-logstatter
+ install -D -m 0644 README.md /builddir/build/BUILDROOT/cookbook-rb-logstatter-0.0.1-1.el9.rb.x86_64/var/chef/cookbooks/rb-logstatter/README.md
+ /usr/bin/find-debuginfo -j4 --strict-build-id -m -i --build-id-seed 0.0.1-1.el9.rb --unique-debug-suffix -0.0.1-1.el9.rb.x86_64 --unique-debug-src-base cookbook-rb-logstatter-0.0.1-1.el9.rb.x86_64 --run-dwz --dwz-low-mem-die-limit 10000000 --dwz-max-die-limit 110000000 --remove-section .gnu.build.attributes -S debugsourcefiles.list /builddir/build/BUILD/cookbook-rb-logstatter-0.0.1
+ /usr/lib/rpm/check-buildroot
+ /usr/lib/rpm/redhat/brp-ldconfig
+ /usr/lib/rpm/brp-compress
+ /usr/lib/rpm/redhat/brp-strip-lto /usr/bin/strip
+ /usr/lib/rpm/brp-strip-static-archive /usr/bin/strip
+ /usr/lib/rpm/redhat/brp-python-bytecompile '' 1 0
+ /usr/lib/rpm/brp-python-hardlink
+ /usr/lib/rpm/redhat/brp-mangle-shebangs
*** WARNING: ./var/chef/cookbooks/rb-logstatter/attributes/default.rb is executable but has no shebang, removing executable bit
*** WARNING: ./var/chef/cookbooks/rb-logstatter/libraries/rblogstatter_helpers.rb is executable but has no shebang, removing executable bit
*** WARNING: ./var/chef/cookbooks/rb-logstatter/metadata.rb is executable but has no shebang, removing executable bit
*** WARNING: ./var/chef/cookbooks/rb-logstatter/providers/config.rb is executable but has no shebang, removing executable bit
*** WARNING: ./var/chef/cookbooks/rb-logstatter/recipes/default.rb is executable but has no shebang, removing executable bit
*** WARNING: ./var/chef/cookbooks/rb-logstatter/resources/config.rb is executable but has no shebang, removing executable bit
*** WARNING: ./var/chef/cookbooks/rb-logstatter/templates/default/rb-logstatter_config.conf.erb is executable but has no shebang, removing executable bit
Processing files: cookbook-rb-logstatter-0.0.1-1.el9.rb.noarch
warning: File listed twice: /var/chef/cookbooks/rb-logstatter/README.md
Provides: cookbook-rb-logstatter = 0.0.1-1.el9.rb
Requires(interp): /bin/sh /bin/sh
Requires(rpmlib): rpmlib(CompressedFileNames) <= 3.0.4-1 rpmlib(FileDigests) <= 4.6.0-1 rpmlib(PayloadFilesHavePrefix) <= 4.0-1
Requires(pre): /bin/sh
Requires(post): /bin/sh
Checking for unpackaged file(s): /usr/lib/rpm/check-files /builddir/build/BUILDROOT/cookbook-rb-logstatter-0.0.1-1.el9.rb.x86_64
Wrote: /builddir/build/RPMS/cookbook-rb-logstatter-0.0.1-1.el9.rb.noarch.rpm
Executing(%clean): /bin/sh -e /var/tmp/rpm-tmp.ukjufq
+ umask 022
+ cd /builddir/build/BUILD
+ cd cookbook-rb-logstatter-0.0.1
+ /usr/bin/rm -rf /builddir/build/BUILDROOT/cookbook-rb-logstatter-0.0.1-1.el9.rb.x86_64
+ RPM_EC=0
++ jobs -p
+ exit 0
Child return code was: 0
